<?xml version="1.0" encoding="UTF-8"?>
<testsuite name="org.airtribe.LearnerManagementSystem.repository.LearnerRepositoryTest" tests="2" skipped="0" failures="0" errors="0" timestamp="2025-07-19T08:18:30.302Z" hostname="ppanjwan-mn1.linkedin.biz" time="0.506">
  <properties/>
  <testcase name="testLearnerSucessfuly()" classname="org.airtribe.LearnerManagementSystem.repository.LearnerRepositoryTest" time="0.455"/>
  <testcase name="testFetchLearnerByID()" classname="org.airtribe.LearnerManagementSystem.repository.LearnerRepositoryTest" time="0.05"/>
  <system-out><![CDATA[13:48:27.890 [Test worker] INFO org.springframework.test.context.support.AnnotationConfigContextLoaderUtils -- Could not detect default configuration classes for test class [org.airtribe.LearnerManagementSystem.repository.LearnerRepositoryTest]: LearnerRepositoryTest does not declare any static, non-private, non-final, nested classes annotated with @Configuration.
13:48:28.000 [Test worker] INFO org.springframework.boot.test.context.SpringBootTestContextBootstrapper -- Found @SpringBootConfiguration org.airtribe.LearnerManagementSystem.LearnerManagementSystemApplication for test class org.airtribe.LearnerManagementSystem.repository.LearnerRepositoryTest

  .   ____          _            __ _ _
 /\\ / ___'_ __ _ _(_)_ __  __ _ \ \ \ \
( ( )\___ | '_ | '_| | '_ \/ _` | \ \ \ \
 \\/  ___)| |_)| | | | | || (_| |  ) ) ) )
  '  |____| .__|_| |_|_| |_\__, | / / / /
 =========|_|==============|___/=/_/_/_/

 :: Spring Boot ::                (v3.5.3)

2025-07-19T13:48:28.276+05:30  INFO 27595 --- [    Test worker] o.a.L.repository.LearnerRepositoryTest   : Starting LearnerRepositoryTest using Java 17.0.5 with PID 27595 (started by ppanjwan in /Users/ppanjwan/Desktop/work/Airtribe-Java/BELC13/LearnerManagementSystem 2)
2025-07-19T13:48:28.277+05:30  INFO 27595 --- [    Test worker] o.a.L.repository.LearnerRepositoryTest   : No active profile set, falling back to 1 default profile: "default"
2025-07-19T13:48:28.571+05:30  INFO 27595 --- [    Test worker] .s.d.r.c.RepositoryConfigurationDelegate : Bootstrapping Spring Data JPA repositories in DEFAULT mode.
2025-07-19T13:48:28.622+05:30  INFO 27595 --- [    Test worker] .s.d.r.c.RepositoryConfigurationDelegate : Finished Spring Data repository scanning in 44 ms. Found 3 JPA repository interfaces.
2025-07-19T13:48:28.780+05:30  INFO 27595 --- [    Test worker] o.hibernate.jpa.internal.util.LogHelper  : HHH000204: Processing PersistenceUnitInfo [name: default]
2025-07-19T13:48:28.807+05:30  INFO 27595 --- [    Test worker] org.hibernate.Version                    : HHH000412: Hibernate ORM core version 6.6.18.Final
2025-07-19T13:48:28.824+05:30  INFO 27595 --- [    Test worker] o.h.c.internal.RegionFactoryInitiator    : HHH000026: Second-level cache disabled
2025-07-19T13:48:28.987+05:30  INFO 27595 --- [    Test worker] o.s.o.j.p.SpringPersistenceUnitInfo      : No LoadTimeWeaver setup: ignoring JPA class transformer
2025-07-19T13:48:29.002+05:30  INFO 27595 --- [    Test worker] com.zaxxer.hikari.HikariDataSource       : HikariPool-1 - Starting...
2025-07-19T13:48:29.243+05:30  INFO 27595 --- [    Test worker] com.zaxxer.hikari.pool.HikariPool        : HikariPool-1 - Added connection com.mysql.cj.jdbc.ConnectionImpl@4d825dbe
2025-07-19T13:48:29.244+05:30  INFO 27595 --- [    Test worker] com.zaxxer.hikari.HikariDataSource       : HikariPool-1 - Start completed.
2025-07-19T13:48:29.314+05:30  WARN 27595 --- [    Test worker] org.hibernate.orm.deprecation            : HHH90000025: MySQLDialect does not need to be specified explicitly using 'hibernate.dialect' (remove the property setting and it will be selected by default)
2025-07-19T13:48:29.326+05:30  INFO 27595 --- [    Test worker] org.hibernate.orm.connections.pooling    : HHH10001005: Database info:
	Database JDBC URL [Connecting through datasource 'HikariDataSource (HikariPool-1)']
	Database driver: undefined/unknown
	Database version: 8.0.39
	Autocommit mode: undefined/unknown
	Isolation level: undefined/unknown
	Minimum pool size: undefined/unknown
	Maximum pool size: undefined/unknown
2025-07-19T13:48:29.924+05:30  INFO 27595 --- [    Test worker] o.h.e.t.j.p.i.JtaPlatformInitiator       : HHH000489: No JTA platform available (set 'hibernate.transaction.jta.platform' to enable JTA platform integration)
2025-07-19T13:48:30.084+05:30  INFO 27595 --- [    Test worker] j.LocalContainerEntityManagerFactoryBean : Initialized JPA EntityManagerFactory for persistence unit 'default'
2025-07-19T13:48:30.299+05:30  INFO 27595 --- [    Test worker] o.a.L.repository.LearnerRepositoryTest   : Started LearnerRepositoryTest in 2.241 seconds (process running for 2.99)
Hibernate: insert into learner (learner_email,learner_name,learner_phone_number) values (?,?,?)
Hibernate: select l1_0.learner_id,l1_0.learner_email,l1_0.learner_name,l1_0.learner_phone_number from learner l1_0 where l1_0.learner_id=?
]]></system-out>
  <system-err><![CDATA[]]></system-err>
</testsuite>
